#
# There is insufficient memory for the Java Runtime Environment to continue.
# Native memory allocation (malloc) failed to allocate 1048576 bytes for AllocateHeap
# Possible reasons:
#   The system is out of physical RAM or swap space
#   In 32 bit mode, the process size limit was hit
# Possible solutions:
#   Reduce memory load on the system
#   Increase physical memory or swap space
#   Check if swap backing store is full
#   Use 64 bit Java on a 64 bit OS
#   Decrease Java heap size (-Xmx/-Xms)
#   Decrease number of Java threads
#   Decrease Java thread stack sizes (-Xss)
#   Set larger code cache with -XX:ReservedCodeCacheSize=
# This output file may be truncated or incomplete.
#
#  Out of Memory Error (memory/allocation.inline.hpp:61), pid=14420, tid=0x0000000000004a00
#
# JRE version:  (8.0_181-b13) (build )
# Java VM: Java HotSpot(TM) 64-Bit Server VM (25.181-b13 mixed mode windows-amd64 compressed oops)
# Failed to write core dump. Minidumps are not enabled by default on client versions of Windows
#

---------------  T H R E A D  ---------------

Current thread (0x00000000028c2800):  JavaThread "Unknown thread" [_thread_in_vm, id=18944, stack(0x0000000002750000,0x0000000002850000)]

Stack: [0x0000000002750000,0x0000000002850000]
[error occurred during error reporting (printing stack bounds), id 0xc0000005]

Native frames: (J=compiled Java code, j=interpreted, Vv=VM code, C=native code)


---------------  P R O C E S S  ---------------

Java Threads: ( => current thread )

Other Threads:

=>0x00000000028c2800 (exited) JavaThread "Unknown thread" [_thread_in_vm, id=18944, stack(0x0000000002750000,0x0000000002850000)]

VM state:not at safepoint (normal execution)

VM Mutex/Monitor currently owned by a thread: None

Heap:
 PSYoungGen      total 17920K, used 307K [0x00000000ec380000, 0x00000000ed780000, 0x0000000100000000)
  eden space 15360K, 2% used [0x00000000ec380000,0x00000000ec3cccd8,0x00000000ed280000)
  from space 2560K, 0% used [0x00000000ed500000,0x00000000ed500000,0x00000000ed780000)
  to   space 2560K, 0% used [0x00000000ed280000,0x00000000ed280000,0x00000000ed500000)
 ParOldGen       total 40960K, used 0K [0x00000000c4a00000, 0x00000000c7200000, 0x00000000ec380000)
  object space 40960K, 0% used [0x00000000c4a00000,0x00000000c4a00000,0x00000000c7200000)
 Metaspace       used 775K, capacity 4480K, committed 4480K, reserved 1056768K
  class space    used 76K, capacity 384K, committed 384K, reserved 1048576K

Card table byte_map: [0x0000000011d80000,0x0000000011f60000] byte_map_base: 0x000000001175b000

Marking Bits: (ParMarkBitMap*) 0x00000000685c2d00
 Begin Bits: [0x00000000124a0000, 0x0000000013378000)
 End Bits:   [0x0000000013378000, 0x0000000014250000)

Polling page: 0x0000000002850000

CodeCache: size=245760Kb used=328Kb max_used=328Kb free=245431Kb
 bounds [0x00000000029c0000, 0x0000000002c30000, 0x00000000119c0000]
 total_blobs=58 nmethods=0 adapters=38
 compilation: enabled

Compilation events (0 events):
No events

GC Heap History (0 events):
No events

Deoptimization events (0 events):
No events

Classes redefined (0 events):
No events

Internal exceptions (0 events):
No events

Events (10 events):
Event: 0.042 loading class java/lang/Short
Event: 0.042 loading class java/lang/Short done
Event: 0.042 loading class java/lang/Integer
Event: 0.042 loading class java/lang/Integer done
Event: 0.042 loading class java/lang/Long
Event: 0.043 loading class java/lang/Long done
Event: 0.044 loading class java/lang/NullPointerException
Event: 0.044 loading class java/lang/NullPointerException done
Event: 0.044 loading class java/lang/ArithmeticException
Event: 0.044 loading class java/lang/ArithmeticException done


Dynamic libraries:
0x00007ff660f20000 - 0x00007ff660f57000 	C:\Program Files\Java\jdk1.8.0_181\jre\bin\java.exe
0x00007ffa60710000 - 0x00007ffa60905000 	C:\WINDOWS\SYSTEM32\ntdll.dll
0x00007ffa5ed20000 - 0x00007ffa5edde000 	C:\WINDOWS\System32\KERNEL32.DLL
0x00007ffa5e080000 - 0x00007ffa5e348000 	C:\WINDOWS\System32\KERNELBASE.dll
0x00007ffa5ebe0000 - 0x00007ffa5ec8e000 	C:\WINDOWS\System32\ADVAPI32.dll
0x00007ffa5edf0000 - 0x00007ffa5ee8e000 	C:\WINDOWS\System32\msvcrt.dll
0x00007ffa60400000 - 0x00007ffa6049c000 	C:\WINDOWS\System32\sechost.dll
0x00007ffa605a0000 - 0x00007ffa606c5000 	C:\WINDOWS\System32\RPCRT4.dll
0x00007ffa5eef0000 - 0x00007ffa5f090000 	C:\WINDOWS\System32\USER32.dll
0x00007ffa5e480000 - 0x00007ffa5e4a2000 	C:\WINDOWS\System32\win32u.dll
0x00007ffa5fbc0000 - 0x00007ffa5fbea000 	C:\WINDOWS\System32\GDI32.dll
0x00007ffa5e4b0000 - 0x00007ffa5e5bb000 	C:\WINDOWS\System32\gdi32full.dll
0x00007ffa5dfe0000 - 0x00007ffa5e07d000 	C:\WINDOWS\System32\msvcp_win.dll
0x00007ffa5de30000 - 0x00007ffa5df30000 	C:\WINDOWS\System32\ucrtbase.dll
0x00007ffa3e930000 - 0x00007ffa3ebca000 	C:\WINDOWS\WinSxS\amd64_microsoft.windows.common-controls_6595b64144ccf1df_6.0.19041.1110_none_60b5254171f9507e\COMCTL32.dll
0x00007ffa604a0000 - 0x00007ffa604d0000 	C:\WINDOWS\System32\IMM32.DLL
0x0000000067cc0000 - 0x0000000067d92000 	C:\Program Files\Java\jdk1.8.0_181\jre\bin\msvcr100.dll
0x0000000067da0000 - 0x0000000068642000 	C:\Program Files\Java\jdk1.8.0_181\jre\bin\server\jvm.dll
0x00007ffa60240000 - 0x00007ffa60248000 	C:\WINDOWS\System32\PSAPI.DLL
0x00007ffa47940000 - 0x00007ffa47949000 	C:\WINDOWS\SYSTEM32\WSOCK32.dll
0x00007ffa60330000 - 0x00007ffa6039b000 	C:\WINDOWS\System32\WS2_32.dll
0x00007ffa479d0000 - 0x00007ffa479f7000 	C:\WINDOWS\SYSTEM32\WINMM.dll
0x00007ffa4e590000 - 0x00007ffa4e59a000 	C:\WINDOWS\SYSTEM32\VERSION.dll
0x0000000067c70000 - 0x0000000067c7f000 	C:\Program Files\Java\jdk1.8.0_181\jre\bin\verify.dll
0x0000000067c40000 - 0x0000000067c69000 	C:\Program Files\Java\jdk1.8.0_181\jre\bin\java.dll
0x0000000067c20000 - 0x0000000067c36000 	C:\Program Files\Java\jdk1.8.0_181\jre\bin\zip.dll

VM Arguments:
jvm_args: -Dfile.encoding=UTF-8 
java_command: C:\Users\ISDR\Documents\Home\Project\Ems\Ems\dist\run1876315788\Ems.jar
java_class_path (initial): C:\Users\ISDR\Documents\Home\Project\Ems\Ems\dist\run1876315788\Ems.jar
Launcher Type: SUN_STANDARD

Environment Variables:
PATH=C:\Python310\Scripts\;C:\Python310\;C:\Program Files (x86)\Common Files\Oracle\Java\javapath;C:\WINDOWS\system32;C:\WINDOWS;C:\WINDOWS\System32\Wbem;C:\WINDOWS\System32\WindowsPowerShell\v1.0\;C:\WINDOWS\System32\OpenSSH\;C:\Program Files (x86)\Microsoft SQL Server\130\Tools\Binn\;C:\Program Files\Microsoft SQL Server\130\Tools\Binn\;C:\Program Files (x86)\Microsoft SQL Server\130\DTS\Binn\;C:\Program Files\Microsoft SQL Server\130\DTS\Binn\;C:\Program Files\Microsoft SQL Server\Client SDK\ODBC\130\Tools\Binn\;C:\Program Files (x86)\Microsoft SQL Server\Client SDK\ODBC\130\Tools\Binn\;C:\Program Files (x86)\Microsoft SQL Server\140\Tools\Binn\;C:\Program Files (x86)\Microsoft SQL Server\140\DTS\Binn\;C:\Program Files (x86)\Microsoft SQL Server\140\Tools\Binn\ManagementStudio\;C:\Program Files\nodejs\;C:\ProgramData\chocolatey\bin;C:\Program Files\Git\cmd;C:\Users\ISDR\AppData\Local\Microsoft\WindowsApps;;C:\Users\ISDR\AppData\Local\Programs\Microsoft VS Code\bin;C:\Users\ISDR\AppData\Roaming\npm;C:\Program Files\heroku\bin
USERNAME=ISDR
OS=Windows_NT
PROCESSOR_IDENTIFIER=Intel64 Family 6 Model 61 Stepping 4, GenuineIntel



---------------  S Y S T E M  ---------------

OS: Windows 10.0 , 64 bit Build 19041 (10.0.19041.1645)

CPU:total 4 (initial active 4) (2 cores per cpu, 2 threads per core) family 6 model 61 stepping 4, cmov, cx8, fxsr, mmx, sse, sse2, sse3, ssse3, sse4.1, sse4.2, popcnt, avx, avx2, aes, clmul, erms, rtm, 3dnowpref, lzcnt, ht, tsc, tscinvbit, bmi1, bmi2, adx

Memory: 4k page, physical 3883248k(340572k free), swap 15941872k(9352k free)

vm_info: Java HotSpot(TM) 64-Bit Server VM (25.181-b13) for windows-amd64 JRE (1.8.0_181-b13), built on Jul  7 2018 04:01:33 by "java_re" with MS VC++ 10.0 (VS2010)

time: Sun Jun 26 13:34:01 2022
elapsed time: 0 seconds (0d 0h 0m 0s)

